# JRE version: OpenJDK Runtime Environment (8.0_152-b06) (build 1.8.0_152-release-1136-b06)
# Java VM: OpenJDK 64-Bit Server VM (25.152-b06 mixed mode linux-amd64 compressed oops)
Heap:
 PSYoungGen      total 477184K, used 445036K [0x00000000e0000000, 0x0000000100000000, 0x0000000100000000)
  eden space 430080K, 100% used [0x00000000e0000000,0x00000000fa400000,0x00000000fa400000)
  from space 47104K, 31% used [0x00000000fa400000,0x00000000fb29b008,0x00000000fd200000)
  to   space 45056K, 17% used [0x00000000fd400000,0x00000000fdbb5d40,0x0000000100000000)
 ParOldGen       total 202752K, used 129975K [0x00000000a0000000, 0x00000000ac600000, 0x00000000e0000000)
  object space 202752K, 64% used [0x00000000a0000000,0x00000000a7eedc58,0x00000000ac600000)
 Metaspace       used 97858K, capacity 102582K, committed 102860K, reserved 1138688K
  class space    used 12267K, capacity 13241K, committed 13312K, reserved 1048576K
GC Heap History (10 events):
Event: 607,620 GC heap after
Heap after GC invocations=23 (full 3):
 PSYoungGen      total 416256K, used 17563K [0x00000000e0000000, 0x0000000100000000, 0x0000000100000000)
  eden space 378368K, 0% used [0x00000000e0000000,0x00000000e0000000,0x00000000f7180000)
  from space 37888K, 46% used [0x00000000f9500000,0x00000000fa626e48,0x00000000fba00000)
  to   space 36352K, 0% used [0x00000000f7180000,0x00000000f7180000,0x00000000f9500000)
 ParOldGen       total 137216K, used 85742K [0x00000000a0000000, 0x00000000a8600000, 0x00000000e0000000)
  object space 137216K, 62% used [0x00000000a0000000,0x00000000a53bbb38,0x00000000a8600000)
 Metaspace       used 93633K, capacity 98346K, committed 98380K, reserved 1134592K
  class space    used 11888K, capacity 12895K, committed 12928K, reserved 1048576K
}
Event: 607,620 GC heap before
{Heap before GC invocations=24 (full 4):
 PSYoungGen      total 416256K, used 17563K [0x00000000e0000000, 0x0000000100000000, 0x0000000100000000)
  eden space 378368K, 0% used [0x00000000e0000000,0x00000000e0000000,0x00000000f7180000)
  from space 37888K, 46% used [0x00000000f9500000,0x00000000fa626e48,0x00000000fba00000)
  to   space 36352K, 0% used [0x00000000f7180000,0x00000000f7180000,0x00000000f9500000)
 ParOldGen       total 137216K, used 85742K [0x00000000a0000000, 0x00000000a8600000, 0x00000000e0000000)
  object space 137216K, 62% used [0x00000000a0000000,0x00000000a53bbb38,0x00000000a8600000)
 Metaspace       used 93633K, capacity 98346K, committed 98380K, reserved 1134592K
  class space    used 11888K, capacity 12895K, committed 12928K, reserved 1048576K
Event: 607,948 GC heap after
Heap after GC invocations=24 (full 4):
 PSYoungGen      total 416256K, used 0K [0x00000000e0000000, 0x0000000100000000, 0x0000000100000000)
  eden space 378368K, 0% used [0x00000000e0000000,0x00000000e0000000,0x00000000f7180000)
  from space 37888K, 0% used [0x00000000f9500000,0x00000000f9500000,0x00000000fba00000)
  to   space 36352K, 0% used [0x00000000f7180000,0x00000000f7180000,0x00000000f9500000)
 ParOldGen       total 202752K, used 75852K [0x00000000a0000000, 0x00000000ac600000, 0x00000000e0000000)
  object space 202752K, 37% used [0x00000000a0000000,0x00000000a4a13288,0x00000000ac600000)
 Metaspace       used 93155K, capacity 97304K, committed 98380K, reserved 1134592K
  class space    used 11765K, capacity 12674K, committed 12928K, reserved 1048576K
}
Event: 610,145 GC heap before
{Heap before GC invocations=25 (full 4):
 PSYoungGen      total 416256K, used 378368K [0x00000000e0000000, 0x0000000100000000, 0x0000000100000000)
  eden space 378368K, 100% used [0x00000000e0000000,0x00000000f7180000,0x00000000f7180000)
  from space 37888K, 0% used [0x00000000f9500000,0x00000000f9500000,0x00000000fba00000)
  to   space 36352K, 0% used [0x00000000f7180000,0x00000000f7180000,0x00000000f9500000)
 ParOldGen       total 202752K, used 75852K [0x00000000a0000000, 0x00000000ac600000, 0x00000000e0000000)
  object space 202752K, 37% used [0x00000000a0000000,0x00000000a4a13288,0x00000000ac600000)
 Metaspace       used 94972K, capacity 99262K, committed 99788K, reserved 1136640K
  class space    used 11941K, capacity 12905K, committed 13056K, reserved 1048576K
Event: 610,156 GC heap after
Heap after GC invocations=25 (full 4):
 PSYoungGen      total 414720K, used 9630K [0x00000000e0000000, 0x00000000ffc80000, 0x0000000100000000)
  eden space 378368K, 0% used [0x00000000e0000000,0x00000000e0000000,0x00000000f7180000)
  from space 36352K, 26% used [0x00000000f7180000,0x00000000f7ae7b10,0x00000000f9500000)
  to   space 35328K, 0% used [0x00000000fda00000,0x00000000fda00000,0x00000000ffc80000)
 ParOldGen       total 202752K, used 75860K [0x00000000a0000000, 0x00000000ac600000, 0x00000000e0000000)
  object space 202752K, 37% used [0x00000000a0000000,0x00000000a4a15288,0x00000000ac600000)
 Metaspace       used 94972K, capacity 99262K, committed 99788K, reserved 1136640K
  class space    used 11941K, capacity 12905K, committed 13056K, reserved 1048576K
}
Event: 612,136 GC heap before
{Heap before GC invocations=26 (full 4):
 PSYoungGen      total 414720K, used 387998K [0x00000000e0000000, 0x00000000ffc80000, 0x0000000100000000)
  eden space 378368K, 100% used [0x00000000e0000000,0x00000000f7180000,0x00000000f7180000)
  from space 36352K, 26% used [0x00000000f7180000,0x00000000f7ae7b10,0x00000000f9500000)
  to   space 35328K, 0% used [0x00000000fda00000,0x00000000fda00000,0x00000000ffc80000)
 ParOldGen       total 202752K, used 75860K [0x00000000a0000000, 0x00000000ac600000, 0x00000000e0000000)
  object space 202752K, 37% used [0x00000000a0000000,0x00000000a4a15288,0x00000000ac600000)
 Metaspace       used 95841K, capacity 100268K, committed 100556K, reserved 1136640K
  class space    used 12021K, capacity 12998K, committed 13056K, reserved 1048576K
Event: 612,210 GC heap after
Heap after GC invocations=26 (full 4):
 PSYoungGen      total 465408K, used 35311K [0x00000000e0000000, 0x0000000100000000, 0x0000000100000000)
  eden space 430080K, 0% used [0x00000000e0000000,0x00000000e0000000,0x00000000fa400000)
  from space 35328K, 99% used [0x00000000fda00000,0x00000000ffc7bc70,0x00000000ffc80000)
  to   space 47104K, 0% used [0x00000000fa400000,0x00000000fa400000,0x00000000fd200000)
 ParOldGen       total 202752K, used 93414K [0x00000000a0000000, 0x00000000ac600000, 0x00000000e0000000)
  object space 202752K, 46% used [0x00000000a0000000,0x00000000a5b39a88,0x00000000ac600000)
 Metaspace       used 95841K, capacity 100268K, committed 100556K, reserved 1136640K
  class space    used 12021K, capacity 12998K, committed 13056K, reserved 1048576K
}
Event: 616,712 GC heap before
{Heap before GC invocations=27 (full 4):
 PSYoungGen      total 465408K, used 464408K [0x00000000e0000000, 0x0000000100000000, 0x0000000100000000)
  eden space 430080K, 99% used [0x00000000e0000000,0x00000000fa30a478,0x00000000fa400000)
  from space 35328K, 99% used [0x00000000fda00000,0x00000000ffc7bc70,0x00000000ffc80000)
  to   space 47104K, 0% used [0x00000000fa400000,0x00000000fa400000,0x00000000fd200000)
 ParOldGen       total 202752K, used 93414K [0x00000000a0000000, 0x00000000ac600000, 0x00000000e0000000)
  object space 202752K, 46% used [0x00000000a0000000,0x00000000a5b39a88,0x00000000ac600000)
 Metaspace       used 96743K, capacity 101156K, committed 101452K, reserved 1138688K
  class space    used 12125K, capacity 13092K, committed 13184K, reserved 1048576K
Event: 616,768 GC heap after
Heap after GC invocations=27 (full 4):
 PSYoungGen      total 477184K, used 14956K [0x00000000e0000000, 0x0000000100000000, 0x0000000100000000)
  eden space 430080K, 0% used [0x00000000e0000000,0x00000000e0000000,0x00000000fa400000)
  from space 47104K, 31% used [0x00000000fa400000,0x00000000fb29b008,0x00000000fd200000)
  to   space 45056K, 0% used [0x00000000fd400000,0x00000000fd400000,0x0000000100000000)
 ParOldGen       total 202752K, used 128474K [0x00000000a0000000, 0x00000000ac600000, 0x00000000e0000000)
  object space 202752K, 63% used [0x00000000a0000000,0x00000000a7d76ae8,0x00000000ac600000)
 Metaspace       used 96743K, capacity 101156K, committed 101452K, reserved 1138688K
  class space    used 12125K, capacity 13092K, committed 13184K, reserved 1048576K
}
Event: 5182,124 GC heap before
{Heap before GC invocations=28 (full 4):
 PSYoungGen      total 477184K, used 445036K [0x00000000e0000000, 0x0000000100000000, 0x0000000100000000)
  eden space 430080K, 100% used [0x00000000e0000000,0x00000000fa400000,0x00000000fa400000)
  from space 47104K, 31% used [0x00000000fa400000,0x00000000fb29b008,0x00000000fd200000)
  to   space 45056K, 0% used [0x00000000fd400000,0x00000000fd400000,0x0000000100000000)
 ParOldGen       total 202752K, used 128474K [0x00000000a0000000, 0x00000000ac600000, 0x00000000e0000000)
  object space 202752K, 63% used [0x00000000a0000000,0x00000000a7d76ae8,0x00000000ac600000)
 Metaspace       used 97858K, capacity 102582K, committed 102860K, reserved 1138688K
  class space    used 12267K, capacity 13241K, committed 13312K, reserved 1048576K

